2025-09-28 22:07:22: == Analizar compara las Sumas de Control de los archivos que tienen el mismo tamaño, pero diferente Fecha de Modificación
2025-09-28 22:07:22: == Analizar compara Sumas de Control (Checksums) de cada archivo, así que se ejecutará LENTAMENTE, porque los archivos deben ser leídos para calcular sus Sumas de Control
2025-09-28 22:07:22: -- Análisis iniciado por User Command
2025-09-28 22:07:22: I: Leyendo archivo de estado C:/Users/Ruben Cañizares/source/repos/bd_A7_RubenCanizares/_gsdata_/_file_state_v4._gs
2025-09-28 22:07:22: D: Leyendo archivo de estado C:/GitHub Repositories/SuiteMDI-Educativa-SQLServer/scr/_gsdata_/_file_state_v4._gs
2025-09-28 22:07:22: D: State file does not exist: C:/GitHub Repositories/SuiteMDI-Educativa-SQLServer/scr/_gsdata_/_file_state_v4._gs
2025-09-28 22:07:22: Cambios: 43, Conflictos: 0, CopiaFecha: 0, CopiaEstado: 0, Errores: 0, All: 49
2025-09-28 22:07:22: Left to Right: Copy File: 43 
2025-09-28 22:07:23: == Sinc. comenzada por User Command
2025-09-28 22:07:23: ConnectCloned connected to file:///~Ruben Cañizares/source/repos/bd_A7_RubenCanizares
2025-09-28 22:07:23: ConnectCloned connected to file:///~Ruben Cañizares/source/repos/bd_A7_RubenCanizares
2025-09-28 22:07:23: ConnectCloned connected to file:///~Ruben Cañizares/source/repos/bd_A7_RubenCanizares
2025-09-28 22:07:23: ConnectCloned connected to file:///C:/GitHub Repositories/SuiteMDI-Educativa-SQLServer/scr
2025-09-28 22:07:23: ConnectCloned connected to file:///C:/GitHub Repositories/SuiteMDI-Educativa-SQLServer/scr
2025-09-28 22:07:23: ConnectCloned connected to file:///C:/GitHub Repositories/SuiteMDI-Educativa-SQLServer/scr
2025-09-28 22:07:24: Connecting to Elevated Local GoodSync Server to complete operation
2025-09-28 22:07:24: LOCAL C:(127.0.0.1) -> S:127.0.0.1:33333
2025-09-28 22:07:24: Cannot connect to local GoodSync server: server: Wrong password for user -local-desktop-persona-ruben-ca-izares
2025-09-28 22:07:24: ERROR: Cannot set Owner-ACL: C:/GitHub Repositories/SuiteMDI-Educativa-SQLServer/scr/bd_A7_RubenCanizares.csproj: Acceso denegado.  (error 5); Elevating SetFileOwnerACL: server: Wrong password for user -local-desktop-persona-ruben-ca-izares
2025-09-28 22:07:24: Copy Confirmed by CheckSum: C:/GitHub Repositories/SuiteMDI-Educativa-SQLServer/scr/bd_A7_RubenCanizares.csproj: B24F01D26B4E2CE00A99D8BAD91ADF02
2025-09-28 22:07:24: Copiar Nueva 'C:/Users/Ruben Cañizares/source/repos/bd_A7_RubenCanizares/bd_A7_RubenCanizares.csproj' -> 'C:/GitHub Repositories/SuiteMDI-Educativa-SQLServer/scr/bd_A7_RubenCanizares.csproj' (4,325)
2025-09-28 22:07:24: Connecting to Elevated Local GoodSync Server to complete operation
2025-09-28 22:07:24: Connecting to Elevated Local GoodSync Server to complete operation
2025-09-28 22:07:24: LOCAL C:(127.0.0.1) -> S:127.0.0.1:33333
2025-09-28 22:07:24: LOCAL C:(127.0.0.1) -> S:127.0.0.1:33333
2025-09-28 22:07:24: Connecting to Elevated Local GoodSync Server to complete operation
2025-09-28 22:07:24: Cannot connect to local GoodSync server: server: Wrong password for user -local-desktop-persona-ruben-ca-izares
2025-09-28 22:07:24: ERROR: Cannot set Owner-ACL: C:/GitHub Repositories/SuiteMDI-Educativa-SQLServer/scr/bd_A7_RubenCanizares.sln: Acceso denegado.  (error 5); Elevating SetFileOwnerACL: server: Wrong password for user -local-desktop-persona-ruben-ca-izares
2025-09-28 22:07:24: Cannot connect to local GoodSync server: server: Wrong password for user -local-desktop-persona-ruben-ca-izares
2025-09-28 22:07:24: ERROR: Cannot set Owner-ACL: C:/GitHub Repositories/SuiteMDI-Educativa-SQLServer/scr/App.config: Acceso denegado.  (error 5); Elevating SetFileOwnerACL: server: Wrong password for user -local-desktop-persona-ruben-ca-izares
2025-09-28 22:07:24: Cannot connect to local GoodSync server: server: Wrong password for user -local-desktop-persona-ruben-ca-izares
2025-09-28 22:07:24: ERROR: Cannot set Owner-ACL: C:/GitHub Repositories/SuiteMDI-Educativa-SQLServer/scr/App.config.template.config: Acceso denegado.  (error 5); Elevating SetFileOwnerACL: server: Wrong password for user -local-desktop-persona-ruben-ca-izares
2025-09-28 22:07:24: Copy Confirmed by CheckSum: C:/GitHub Repositories/SuiteMDI-Educativa-SQLServer/scr/bd_A7_RubenCanizares.sln: 3E7A03DCCB3BCCCB01B5D611009E8FC0
2025-09-28 22:07:24: Copiar Nueva 'C:/Users/Ruben Cañizares/source/repos/bd_A7_RubenCanizares/bd_A7_RubenCanizares.sln' -> 'C:/GitHub Repositories/SuiteMDI-Educativa-SQLServer/scr/bd_A7_RubenCanizares.sln' (1,151)
2025-09-28 22:07:24: Copy Confirmed by CheckSum: C:/GitHub Repositories/SuiteMDI-Educativa-SQLServer/scr/App.config: 57FBA46CE04702F92216808AB96645CD
2025-09-28 22:07:24: Copiar Nueva 'C:/Users/Ruben Cañizares/source/repos/bd_A7_RubenCanizares/App.config' -> 'C:/GitHub Repositories/SuiteMDI-Educativa-SQLServer/scr/App.config' (1,163)
2025-09-28 22:07:24: Copy Confirmed by CheckSum: C:/GitHub Repositories/SuiteMDI-Educativa-SQLServer/scr/App.config.template.config: EAE77642F960ACC0EA93AC041C724BAD
2025-09-28 22:07:24: Copiar Nueva 'C:/Users/Ruben Cañizares/source/repos/bd_A7_RubenCanizares/App.config.template.config' -> 'C:/GitHub Repositories/SuiteMDI-Educativa-SQLServer/scr/App.config.template.config' (1,172)
2025-09-28 22:07:24: Connecting to Elevated Local GoodSync Server to complete operation
2025-09-28 22:07:24: Connecting to Elevated Local GoodSync Server to complete operation
2025-09-28 22:07:24: Connecting to Elevated Local GoodSync Server to complete operation
2025-09-28 22:07:24: Cannot connect to local GoodSync server: server: Wrong password for user -local-desktop-persona-ruben-ca-izares
2025-09-28 22:07:24: ERROR: Cannot set Owner-ACL: C:/GitHub Repositories/SuiteMDI-Educativa-SQLServer/scr/bin: Acceso denegado.  (error 5); Elevating SetFileOwnerACL: server: Wrong password for user -local-desktop-persona-ruben-ca-izares
2025-09-28 22:07:24: Cannot connect to local GoodSync server: server: Wrong password for user -local-desktop-persona-ruben-ca-izares
2025-09-28 22:07:24: ERROR: Cannot set Owner-ACL: C:/GitHub Repositories/SuiteMDI-Educativa-SQLServer/scr/Datos: Acceso denegado.  (error 5); Elevating SetFileOwnerACL: server: Wrong password for user -local-desktop-persona-ruben-ca-izares
2025-09-28 22:07:24: Crear Carpeta C:/GitHub Repositories/SuiteMDI-Educativa-SQLServer/scr/bin
2025-09-28 22:07:24: Cannot connect to local GoodSync server: server: Wrong password for user -local-desktop-persona-ruben-ca-izares
2025-09-28 22:07:24: ERROR: Cannot set Owner-ACL: C:/GitHub Repositories/SuiteMDI-Educativa-SQLServer/scr/obj: Acceso denegado.  (error 5); Elevating SetFileOwnerACL: server: Wrong password for user -local-desktop-persona-ruben-ca-izares
2025-09-28 22:07:24: Crear Carpeta C:/GitHub Repositories/SuiteMDI-Educativa-SQLServer/scr/Datos
2025-09-28 22:07:24: Crear Carpeta C:/GitHub Repositories/SuiteMDI-Educativa-SQLServer/scr/obj
2025-09-28 22:07:24: Connecting to Elevated Local GoodSync Server to complete operation
2025-09-28 22:07:24: Connecting to Elevated Local GoodSync Server to complete operation
2025-09-28 22:07:24: Cannot connect to local GoodSync server: server: Wrong password for user -local-desktop-persona-ruben-ca-izares
2025-09-28 22:07:24: ERROR: Cannot set Owner-ACL: C:/GitHub Repositories/SuiteMDI-Educativa-SQLServer/scr/Presentacion: Acceso denegado.  (error 5); Elevating SetFileOwnerACL: server: Wrong password for user -local-desktop-persona-ruben-ca-izares
2025-09-28 22:07:24: Cannot connect to local GoodSync server: server: Wrong password for user -local-desktop-persona-ruben-ca-izares
2025-09-28 22:07:24: ERROR: Cannot set Owner-ACL: C:/GitHub Repositories/SuiteMDI-Educativa-SQLServer/scr/bin/Debug: Acceso denegado.  (error 5); Elevating SetFileOwnerACL: server: Wrong password for user -local-desktop-persona-ruben-ca-izares
2025-09-28 22:07:24: Crear Carpeta C:/GitHub Repositories/SuiteMDI-Educativa-SQLServer/scr/Presentacion
2025-09-28 22:07:24: Connecting to Elevated Local GoodSync Server to complete operation
2025-09-28 22:07:24: Crear Carpeta C:/GitHub Repositories/SuiteMDI-Educativa-SQLServer/scr/bin/Debug
2025-09-28 22:07:24: Connecting to Elevated Local GoodSync Server to complete operation
2025-09-28 22:07:24: Cannot connect to local GoodSync server: server: Wrong password for user -local-desktop-persona-ruben-ca-izares
2025-09-28 22:07:24: ERROR: Cannot set Owner-ACL: C:/GitHub Repositories/SuiteMDI-Educativa-SQLServer/scr/Datos/ClsConexion.cs: Acceso denegado.  (error 5); Elevating SetFileOwnerACL: server: Wrong password for user -local-desktop-persona-ruben-ca-izares
2025-09-28 22:07:24: Cannot connect to local GoodSync server: server: Wrong password for user -local-desktop-persona-ruben-ca-izares
2025-09-28 22:07:24: ERROR: Cannot set Owner-ACL: C:/GitHub Repositories/SuiteMDI-Educativa-SQLServer/scr/obj/Debug: Acceso denegado.  (error 5); Elevating SetFileOwnerACL: server: Wrong password for user -local-desktop-persona-ruben-ca-izares
2025-09-28 22:07:24: Copy Confirmed by CheckSum: C:/GitHub Repositories/SuiteMDI-Educativa-SQLServer/scr/Datos/ClsConexion.cs: CFE182BE130BB3B8C2CFE6E8D81725F6
2025-09-28 22:07:24: Copiar Nueva 'C:/Users/Ruben Cañizares/source/repos/bd_A7_RubenCanizares/Datos/ClsConexion.cs' -> 'C:/GitHub Repositories/SuiteMDI-Educativa-SQLServer/scr/Datos/ClsConexion.cs' (4,470)
2025-09-28 22:07:24: Connecting to Elevated Local GoodSync Server to complete operation
2025-09-28 22:07:24: Crear Carpeta C:/GitHub Repositories/SuiteMDI-Educativa-SQLServer/scr/obj/Debug
2025-09-28 22:07:24: Cannot connect to local GoodSync server: server: Wrong password for user -local-desktop-persona-ruben-ca-izares
2025-09-28 22:07:24: ERROR: Cannot set Owner-ACL: C:/GitHub Repositories/SuiteMDI-Educativa-SQLServer/scr/Presentacion/frmAcceso.cs: Acceso denegado.  (error 5); Elevating SetFileOwnerACL: server: Wrong password for user -local-desktop-persona-ruben-ca-izares
2025-09-28 22:07:24: Copy Confirmed by CheckSum: C:/GitHub Repositories/SuiteMDI-Educativa-SQLServer/scr/Presentacion/frmAcceso.cs: 7DCA87483C6DEBA5BB5DF278C09DD294
2025-09-28 22:07:24: Copiar Nueva 'C:/Users/Ruben Cañizares/source/repos/bd_A7_RubenCanizares/Presentacion/frmAcceso.cs' -> 'C:/GitHub Repositories/SuiteMDI-Educativa-SQLServer/scr/Presentacion/frmAcceso.cs' (2,409)
2025-09-28 22:07:24: Connecting to Elevated Local GoodSync Server to complete operation
2025-09-28 22:07:24: Connecting to Elevated Local GoodSync Server to complete operation
2025-09-28 22:07:24: Cannot connect to local GoodSync server: server: Wrong password for user -local-desktop-persona-ruben-ca-izares
2025-09-28 22:07:24: ERROR: Cannot set Owner-ACL: C:/GitHub Repositories/SuiteMDI-Educativa-SQLServer/scr/obj/Debug/.NETFramework,Version=v4.8.AssemblyAttributes.cs: Acceso denegado.  (error 5); Elevating SetFileOwnerACL: server: Wrong password for user -local-desktop-persona-ruben-ca-izares
2025-09-28 22:07:24: Connecting to Elevated Local GoodSync Server to complete operation
2025-09-28 22:07:24: Cannot connect to local GoodSync server: server: Wrong password for user -local-desktop-persona-ruben-ca-izares
2025-09-28 22:07:24: ERROR: Cannot set Owner-ACL: C:/GitHub Repositories/SuiteMDI-Educativa-SQLServer/scr/bin/Debug/bd_A7_RubenCanizares.exe: Acceso denegado.  (error 5); Elevating SetFileOwnerACL: server: Wrong password for user -local-desktop-persona-ruben-ca-izares
2025-09-28 22:07:24: Copy Confirmed by CheckSum: C:/GitHub Repositories/SuiteMDI-Educativa-SQLServer/scr/obj/Debug/.NETFramework,Version=v4.8.AssemblyAttributes.cs: E7E4DFCDE604F38E91E42FD0E92033C8
2025-09-28 22:07:24: Copiar Nueva 'C:/Users/Ruben Cañizares/source/repos/bd_A7_RubenCanizares/obj/Debug/.NETFramework,Version=v4.8.AssemblyAttributes.cs' -> 'C:/GitHub Repositories/SuiteMDI-Educativa-SQLServer/scr/obj/Debug/.NETFramework,Version=v4.8.AssemblyAttributes.cs' (210)
2025-09-28 22:07:24: Copy Confirmed by CheckSum: C:/GitHub Repositories/SuiteMDI-Educativa-SQLServer/scr/bin/Debug/bd_A7_RubenCanizares.exe: BB1A4D325940C4B0FE917DEE215FBE9D
2025-09-28 22:07:24: Copiar Nueva 'C:/Users/Ruben Cañizares/source/repos/bd_A7_RubenCanizares/bin/Debug/bd_A7_RubenCanizares.exe' -> 'C:/GitHub Repositories/SuiteMDI-Educativa-SQLServer/scr/bin/Debug/bd_A7_RubenCanizares.exe' (15,872)
2025-09-28 22:07:24: Cannot connect to local GoodSync server: server: Wrong password for user -local-desktop-persona-ruben-ca-izares
2025-09-28 22:07:24: ERROR: Cannot set Owner-ACL: C:/GitHub Repositories/SuiteMDI-Educativa-SQLServer/scr/obj/Debug/bd_A7_RubenCanizares.csproj.AssemblyReference.cache: Acceso denegado.  (error 5); Elevating SetFileOwnerACL: server: Wrong password for user -local-desktop-persona-ruben-ca-izares
2025-09-28 22:07:24: Copy Confirmed by CheckSum: C:/GitHub Repositories/SuiteMDI-Educativa-SQLServer/scr/obj/Debug/bd_A7_RubenCanizares.csproj.AssemblyReference.cache: 55011009FAFAC703F405F6A792BFC00B
2025-09-28 22:07:24: Copiar Nueva 'C:/Users/Ruben Cañizares/source/repos/bd_A7_RubenCanizares/obj/Debug/bd_A7_RubenCanizares.csproj.AssemblyReference.cache' -> 'C:/GitHub Repositories/SuiteMDI-Educativa-SQLServer/scr/obj/Debug/bd_A7_RubenCanizares.csproj.AssemblyReference.cache' (6,594)
2025-09-28 22:07:24: Connecting to Elevated Local GoodSync Server to complete operation
2025-09-28 22:07:24: Connecting to Elevated Local GoodSync Server to complete operation
2025-09-28 22:07:24: Connecting to Elevated Local GoodSync Server to complete operation
2025-09-28 22:07:24: Cannot connect to local GoodSync server: server: Wrong password for user -local-desktop-persona-ruben-ca-izares
2025-09-28 22:07:24: ERROR: Cannot set Owner-ACL: C:/GitHub Repositories/SuiteMDI-Educativa-SQLServer/scr/obj/Debug/bd_A7_RubenCanizares.csproj.FileListAbsolute.txt: Acceso denegado.  (error 5); Elevating SetFileOwnerACL: server: Wrong password for user -local-desktop-persona-ruben-ca-izares
2025-09-28 22:07:24: Cannot connect to local GoodSync server: server: Wrong password for user -local-desktop-persona-ruben-ca-izares
2025-09-28 22:07:24: ERROR: Cannot set Owner-ACL: C:/GitHub Repositories/SuiteMDI-Educativa-SQLServer/scr/obj/Debug/bd_A7_RubenCanizares.csproj.CoreCompileInputs.cache: Acceso denegado.  (error 5); Elevating SetFileOwnerACL: server: Wrong password for user -local-desktop-persona-ruben-ca-izares
2025-09-28 22:07:24: Cannot connect to local GoodSync server: server: Wrong password for user -local-desktop-persona-ruben-ca-izares
2025-09-28 22:07:24: ERROR: Cannot set Owner-ACL: C:/GitHub Repositories/SuiteMDI-Educativa-SQLServer/scr/obj/Debug/bd_A7_RubenCanizares.csproj.GenerateResource.cache: Acceso denegado.  (error 5); Elevating SetFileOwnerACL: server: Wrong password for user -local-desktop-persona-ruben-ca-izares
2025-09-28 22:07:24: Copy Confirmed by CheckSum: C:/GitHub Repositories/SuiteMDI-Educativa-SQLServer/scr/obj/Debug/bd_A7_RubenCanizares.csproj.FileListAbsolute.txt: 5D05612512456440EA26F241AE9DDD20
2025-09-28 22:07:24: Copiar Nueva 'C:/Users/Ruben Cañizares/source/repos/bd_A7_RubenCanizares/obj/Debug/bd_A7_RubenCanizares.csproj.FileListAbsolute.txt' -> 'C:/GitHub Repositories/SuiteMDI-Educativa-SQLServer/scr/obj/Debug/bd_A7_RubenCanizares.csproj.FileListAbsolute.txt' (1,328)
2025-09-28 22:07:24: Copy Confirmed by CheckSum: C:/GitHub Repositories/SuiteMDI-Educativa-SQLServer/scr/obj/Debug/bd_A7_RubenCanizares.csproj.CoreCompileInputs.cache: 2F55C9384F78B7475A5340B524CB2A96
2025-09-28 22:07:24: Copiar Nueva 'C:/Users/Ruben Cañizares/source/repos/bd_A7_RubenCanizares/obj/Debug/bd_A7_RubenCanizares.csproj.CoreCompileInputs.cache' -> 'C:/GitHub Repositories/SuiteMDI-Educativa-SQLServer/scr/obj/Debug/bd_A7_RubenCanizares.csproj.CoreCompileInputs.cache' (66)
2025-09-28 22:07:24: Copy Confirmed by CheckSum: C:/GitHub Repositories/SuiteMDI-Educativa-SQLServer/scr/obj/Debug/bd_A7_RubenCanizares.csproj.GenerateResource.cache: C07775D8362EA90B3917A4669E3C30F8
2025-09-28 22:07:24: Copiar Nueva 'C:/Users/Ruben Cañizares/source/repos/bd_A7_RubenCanizares/obj/Debug/bd_A7_RubenCanizares.csproj.GenerateResource.cache' -> 'C:/GitHub Repositories/SuiteMDI-Educativa-SQLServer/scr/obj/Debug/bd_A7_RubenCanizares.csproj.GenerateResource.cache' (272)
2025-09-28 22:07:24: Connecting to Elevated Local GoodSync Server to complete operation
2025-09-28 22:07:24: Connecting to Elevated Local GoodSync Server to complete operation
2025-09-28 22:07:24: Cannot connect to local GoodSync server: server: Wrong password for user -local-desktop-persona-ruben-ca-izares
2025-09-28 22:07:24: ERROR: Cannot set Owner-ACL: C:/GitHub Repositories/SuiteMDI-Educativa-SQLServer/scr/obj/Debug/bd_A7_RubenCanizares.exe: Acceso denegado.  (error 5); Elevating SetFileOwnerACL: server: Wrong password for user -local-desktop-persona-ruben-ca-izares
2025-09-28 22:07:24: Cannot connect to local GoodSync server: server: Wrong password for user -local-desktop-persona-ruben-ca-izares
2025-09-28 22:07:24: ERROR: Cannot set Owner-ACL: C:/GitHub Repositories/SuiteMDI-Educativa-SQLServer/scr/obj/Debug/bd_A7_RubenCanizares.pdb: Acceso denegado.  (error 5); Elevating SetFileOwnerACL: server: Wrong password for user -local-desktop-persona-ruben-ca-izares
2025-09-28 22:07:24: Copy Confirmed by CheckSum: C:/GitHub Repositories/SuiteMDI-Educativa-SQLServer/scr/obj/Debug/bd_A7_RubenCanizares.exe: BB1A4D325940C4B0FE917DEE215FBE9D
2025-09-28 22:07:24: Copiar Nueva 'C:/Users/Ruben Cañizares/source/repos/bd_A7_RubenCanizares/obj/Debug/bd_A7_RubenCanizares.exe' -> 'C:/GitHub Repositories/SuiteMDI-Educativa-SQLServer/scr/obj/Debug/bd_A7_RubenCanizares.exe' (15,872)
2025-09-28 22:07:24: Copy Confirmed by CheckSum: C:/GitHub Repositories/SuiteMDI-Educativa-SQLServer/scr/obj/Debug/bd_A7_RubenCanizares.pdb: 10DB4D21F6F1516D1A3DA1531F44C6CA
2025-09-28 22:07:24: Copiar Nueva 'C:/Users/Ruben Cañizares/source/repos/bd_A7_RubenCanizares/obj/Debug/bd_A7_RubenCanizares.pdb' -> 'C:/GitHub Repositories/SuiteMDI-Educativa-SQLServer/scr/obj/Debug/bd_A7_RubenCanizares.pdb' (54,784)
2025-09-28 22:07:24: Connecting to Elevated Local GoodSync Server to complete operation
2025-09-28 22:07:24: Cannot connect to local GoodSync server: server: Wrong password for user -local-desktop-persona-ruben-ca-izares
2025-09-28 22:07:24: ERROR: Cannot set Owner-ACL: C:/GitHub Repositories/SuiteMDI-Educativa-SQLServer/scr/obj/Debug/bd_A7_RubenCanizares.exe.config: Acceso denegado.  (error 5); Elevating SetFileOwnerACL: server: Wrong password for user -local-desktop-persona-ruben-ca-izares
2025-09-28 22:07:24: Connecting to Elevated Local GoodSync Server to complete operation
2025-09-28 22:07:24: Connecting to Elevated Local GoodSync Server to complete operation
2025-09-28 22:07:24: Copy Confirmed by CheckSum: C:/GitHub Repositories/SuiteMDI-Educativa-SQLServer/scr/obj/Debug/bd_A7_RubenCanizares.exe.config: 57FBA46CE04702F92216808AB96645CD
2025-09-28 22:07:24: Copiar Nueva 'C:/Users/Ruben Cañizares/source/repos/bd_A7_RubenCanizares/obj/Debug/bd_A7_RubenCanizares.exe.config' -> 'C:/GitHub Repositories/SuiteMDI-Educativa-SQLServer/scr/obj/Debug/bd_A7_RubenCanizares.exe.config' (1,163)
2025-09-28 22:07:24: Cannot connect to local GoodSync server: server: Wrong password for user -local-desktop-persona-ruben-ca-izares
2025-09-28 22:07:24: ERROR: Cannot set Owner-ACL: C:/GitHub Repositories/SuiteMDI-Educativa-SQLServer/scr/obj/Debug/bd_A7_RubenCanizares.Presentacion.frmAcceso.resources: Acceso denegado.  (error 5); Elevating SetFileOwnerACL: server: Wrong password for user -local-desktop-persona-ruben-ca-izares
2025-09-28 22:07:24: Cannot connect to local GoodSync server: server: Wrong password for user -local-desktop-persona-ruben-ca-izares
2025-09-28 22:07:24: ERROR: Cannot set Owner-ACL: C:/GitHub Repositories/SuiteMDI-Educativa-SQLServer/scr/obj/Debug/bd_A7_RubenCanizares.Presentacion.frmMDI.resources: Acceso denegado.  (error 5); Elevating SetFileOwnerACL: server: Wrong password for user -local-desktop-persona-ruben-ca-izares
2025-09-28 22:07:24: Copy Confirmed by CheckSum: C:/GitHub Repositories/SuiteMDI-Educativa-SQLServer/scr/obj/Debug/bd_A7_RubenCanizares.Presentacion.frmAcceso.resources: CD7DBC7ABEDA9893CE25793744443958
2025-09-28 22:07:24: Copiar Nueva 'C:/Users/Ruben Cañizares/source/repos/bd_A7_RubenCanizares/obj/Debug/bd_A7_RubenCanizares.Presentacion.frmAcceso.resources' -> 'C:/GitHub Repositories/SuiteMDI-Educativa-SQLServer/scr/obj/Debug/bd_A7_RubenCanizares.Presentacion.frmAcceso.resources' (180)
2025-09-28 22:07:24: Copy Confirmed by CheckSum: C:/GitHub Repositories/SuiteMDI-Educativa-SQLServer/scr/obj/Debug/bd_A7_RubenCanizares.Presentacion.frmMDI.resources: CD7DBC7ABEDA9893CE25793744443958
2025-09-28 22:07:24: Copiar Nueva 'C:/Users/Ruben Cañizares/source/repos/bd_A7_RubenCanizares/obj/Debug/bd_A7_RubenCanizares.Presentacion.frmMDI.resources' -> 'C:/GitHub Repositories/SuiteMDI-Educativa-SQLServer/scr/obj/Debug/bd_A7_RubenCanizares.Presentacion.frmMDI.resources' (180)
2025-09-28 22:07:24: Connecting to Elevated Local GoodSync Server to complete operation
2025-09-28 22:07:24: Cannot connect to local GoodSync server: server: Wrong password for user -local-desktop-persona-ruben-ca-izares
2025-09-28 22:07:24: ERROR: Cannot set Owner-ACL: C:/GitHub Repositories/SuiteMDI-Educativa-SQLServer/scr/obj/Debug/bd_A7_RubenCanizares.Properties.Resources.resources: Acceso denegado.  (error 5); Elevating SetFileOwnerACL: server: Wrong password for user -local-desktop-persona-ruben-ca-izares
2025-09-28 22:07:24: Connecting to Elevated Local GoodSync Server to complete operation
2025-09-28 22:07:24: Connecting to Elevated Local GoodSync Server to complete operation
2025-09-28 22:07:24: Copy Confirmed by CheckSum: C:/GitHub Repositories/SuiteMDI-Educativa-SQLServer/scr/obj/Debug/bd_A7_RubenCanizares.Properties.Resources.resources: CD7DBC7ABEDA9893CE25793744443958
2025-09-28 22:07:24: Copiar Nueva 'C:/Users/Ruben Cañizares/source/repos/bd_A7_RubenCanizares/obj/Debug/bd_A7_RubenCanizares.Properties.Resources.resources' -> 'C:/GitHub Repositories/SuiteMDI-Educativa-SQLServer/scr/obj/Debug/bd_A7_RubenCanizares.Properties.Resources.resources' (180)
2025-09-28 22:07:24: Cannot connect to local GoodSync server: server: Wrong password for user -local-desktop-persona-ruben-ca-izares
2025-09-28 22:07:24: ERROR: Cannot set Owner-ACL: C:/GitHub Repositories/SuiteMDI-Educativa-SQLServer/scr/obj/Debug/DesignTimeResolveAssemblyReferencesInput.cache: Acceso denegado.  (error 5); Elevating SetFileOwnerACL: server: Wrong password for user -local-desktop-persona-ruben-ca-izares
2025-09-28 22:07:24: Cannot connect to local GoodSync server: server: Wrong password for user -local-desktop-persona-ruben-ca-izares
2025-09-28 22:07:24: ERROR: Cannot set Owner-ACL: C:/GitHub Repositories/SuiteMDI-Educativa-SQLServer/scr/obj/Debug/DesignTimeResolveAssemblyReferences.cache: Acceso denegado.  (error 5); Elevating SetFileOwnerACL: server: Wrong password for user -local-desktop-persona-ruben-ca-izares
2025-09-28 22:07:24: Copy Confirmed by CheckSum: C:/GitHub Repositories/SuiteMDI-Educativa-SQLServer/scr/obj/Debug/DesignTimeResolveAssemblyReferences.cache: 78D7A5725774FE69B6A1549408D4CBB9
2025-09-28 22:07:24: Copiar Nueva 'C:/Users/Ruben Cañizares/source/repos/bd_A7_RubenCanizares/obj/Debug/DesignTimeResolveAssemblyReferences.cache' -> 'C:/GitHub Repositories/SuiteMDI-Educativa-SQLServer/scr/obj/Debug/DesignTimeResolveAssemblyReferences.cache' (137)
2025-09-28 22:07:24: Copy Confirmed by CheckSum: C:/GitHub Repositories/SuiteMDI-Educativa-SQLServer/scr/obj/Debug/DesignTimeResolveAssemblyReferencesInput.cache: D4D3792568964DF497A670F6F19E5EF6
2025-09-28 22:07:24: Copiar Nueva 'C:/Users/Ruben Cañizares/source/repos/bd_A7_RubenCanizares/obj/Debug/DesignTimeResolveAssemblyReferencesInput.cache' -> 'C:/GitHub Repositories/SuiteMDI-Educativa-SQLServer/scr/obj/Debug/DesignTimeResolveAssemblyReferencesInput.cache' (2,305)
2025-09-28 22:07:24: Connecting to Elevated Local GoodSync Server to complete operation
2025-09-28 22:07:24: Cannot connect to local GoodSync server: server: Wrong password for user -local-desktop-persona-ruben-ca-izares
2025-09-28 22:07:24: ERROR: Cannot set Owner-ACL: C:/GitHub Repositories/SuiteMDI-Educativa-SQLServer/scr/bin/Debug/bd_A7_RubenCanizares.exe.config: Acceso denegado.  (error 5); Elevating SetFileOwnerACL: server: Wrong password for user -local-desktop-persona-ruben-ca-izares
2025-09-28 22:07:24: Connecting to Elevated Local GoodSync Server to complete operation
2025-09-28 22:07:24: Connecting to Elevated Local GoodSync Server to complete operation
2025-09-28 22:07:24: Copy Confirmed by CheckSum: C:/GitHub Repositories/SuiteMDI-Educativa-SQLServer/scr/bin/Debug/bd_A7_RubenCanizares.exe.config: 57FBA46CE04702F92216808AB96645CD
2025-09-28 22:07:24: Copiar Nueva 'C:/Users/Ruben Cañizares/source/repos/bd_A7_RubenCanizares/bin/Debug/bd_A7_RubenCanizares.exe.config' -> 'C:/GitHub Repositories/SuiteMDI-Educativa-SQLServer/scr/bin/Debug/bd_A7_RubenCanizares.exe.config' (1,163)
2025-09-28 22:07:24: Cannot connect to local GoodSync server: server: Wrong password for user -local-desktop-persona-ruben-ca-izares
2025-09-28 22:07:24: ERROR: Cannot set Owner-ACL: C:/GitHub Repositories/SuiteMDI-Educativa-SQLServer/scr/Presentacion/frmAcceso.Designer.cs: Acceso denegado.  (error 5); Elevating SetFileOwnerACL: server: Wrong password for user -local-desktop-persona-ruben-ca-izares
2025-09-28 22:07:24: Cannot connect to local GoodSync server: server: Wrong password for user -local-desktop-persona-ruben-ca-izares
2025-09-28 22:07:24: ERROR: Cannot set Owner-ACL: C:/GitHub Repositories/SuiteMDI-Educativa-SQLServer/scr/bin/Debug/bd_A7_RubenCanizares.pdb: Acceso denegado.  (error 5); Elevating SetFileOwnerACL: server: Wrong password for user -local-desktop-persona-ruben-ca-izares
2025-09-28 22:07:24: Copy Confirmed by CheckSum: C:/GitHub Repositories/SuiteMDI-Educativa-SQLServer/scr/Presentacion/frmAcceso.Designer.cs: 634658218F2FEB0B16C3B14C8448EEF9
2025-09-28 22:07:24: Copiar Nueva 'C:/Users/Ruben Cañizares/source/repos/bd_A7_RubenCanizares/Presentacion/frmAcceso.Designer.cs' -> 'C:/GitHub Repositories/SuiteMDI-Educativa-SQLServer/scr/Presentacion/frmAcceso.Designer.cs' (5,394)
2025-09-28 22:07:24: Copy Confirmed by CheckSum: C:/GitHub Repositories/SuiteMDI-Educativa-SQLServer/scr/bin/Debug/bd_A7_RubenCanizares.pdb: 10DB4D21F6F1516D1A3DA1531F44C6CA
2025-09-28 22:07:24: Copiar Nueva 'C:/Users/Ruben Cañizares/source/repos/bd_A7_RubenCanizares/bin/Debug/bd_A7_RubenCanizares.pdb' -> 'C:/GitHub Repositories/SuiteMDI-Educativa-SQLServer/scr/bin/Debug/bd_A7_RubenCanizares.pdb' (54,784)
2025-09-28 22:07:24: Connecting to Elevated Local GoodSync Server to complete operation
2025-09-28 22:07:24: Connecting to Elevated Local GoodSync Server to complete operation
2025-09-28 22:07:24: Cannot connect to local GoodSync server: server: Wrong password for user -local-desktop-persona-ruben-ca-izares
2025-09-28 22:07:24: ERROR: Cannot set Owner-ACL: C:/GitHub Repositories/SuiteMDI-Educativa-SQLServer/scr/Presentacion/frmAcceso.resx: Acceso denegado.  (error 5); Elevating SetFileOwnerACL: server: Wrong password for user -local-desktop-persona-ruben-ca-izares
2025-09-28 22:07:24: Connecting to Elevated Local GoodSync Server to complete operation
2025-09-28 22:07:24: Copy Confirmed by CheckSum: C:/GitHub Repositories/SuiteMDI-Educativa-SQLServer/scr/Presentacion/frmAcceso.resx: 4EB5913A0E5AA842250F7419538FA230
2025-09-28 22:07:24: Copiar Nueva 'C:/Users/Ruben Cañizares/source/repos/bd_A7_RubenCanizares/Presentacion/frmAcceso.resx' -> 'C:/GitHub Repositories/SuiteMDI-Educativa-SQLServer/scr/Presentacion/frmAcceso.resx' (5,817)
2025-09-28 22:07:24: Cannot connect to local GoodSync server: server: Wrong password for user -local-desktop-persona-ruben-ca-izares
2025-09-28 22:07:24: ERROR: Cannot set Owner-ACL: C:/GitHub Repositories/SuiteMDI-Educativa-SQLServer/scr/Presentacion/frmMDI.cs: Acceso denegado.  (error 5); Elevating SetFileOwnerACL: server: Wrong password for user -local-desktop-persona-ruben-ca-izares
2025-09-28 22:07:24: Cannot connect to local GoodSync server: server: Wrong password for user -local-desktop-persona-ruben-ca-izares
2025-09-28 22:07:24: ERROR: Cannot set Owner-ACL: C:/GitHub Repositories/SuiteMDI-Educativa-SQLServer/scr/Presentacion/frmMDI.Designer.cs: Acceso denegado.  (error 5); Elevating SetFileOwnerACL: server: Wrong password for user -local-desktop-persona-ruben-ca-izares
2025-09-28 22:07:24: Copy Confirmed by CheckSum: C:/GitHub Repositories/SuiteMDI-Educativa-SQLServer/scr/Presentacion/frmMDI.cs: 83BB3AD41FA86CDBD9D19D535D9B7DDC
2025-09-28 22:07:24: Copiar Nueva 'C:/Users/Ruben Cañizares/source/repos/bd_A7_RubenCanizares/Presentacion/frmMDI.cs' -> 'C:/GitHub Repositories/SuiteMDI-Educativa-SQLServer/scr/Presentacion/frmMDI.cs' (1,293)
2025-09-28 22:07:24: Copy Confirmed by CheckSum: C:/GitHub Repositories/SuiteMDI-Educativa-SQLServer/scr/Presentacion/frmMDI.Designer.cs: 5EC91F7B11269ACDCF43F427D3658811
2025-09-28 22:07:24: Copiar Nueva 'C:/Users/Ruben Cañizares/source/repos/bd_A7_RubenCanizares/Presentacion/frmMDI.Designer.cs' -> 'C:/GitHub Repositories/SuiteMDI-Educativa-SQLServer/scr/Presentacion/frmMDI.Designer.cs' (1,711)
2025-09-28 22:07:24: Connecting to Elevated Local GoodSync Server to complete operation
2025-09-28 22:07:24: Connecting to Elevated Local GoodSync Server to complete operation
2025-09-28 22:07:24: Connecting to Elevated Local GoodSync Server to complete operation
2025-09-28 22:07:24: Cannot connect to local GoodSync server: server: Wrong password for user -local-desktop-persona-ruben-ca-izares
2025-09-28 22:07:24: ERROR: Cannot set Owner-ACL: C:/GitHub Repositories/SuiteMDI-Educativa-SQLServer/scr/Presentacion/frmMDI.resx: Acceso denegado.  (error 5); Elevating SetFileOwnerACL: server: Wrong password for user -local-desktop-persona-ruben-ca-izares
2025-09-28 22:07:24: Cannot connect to local GoodSync server: server: Wrong password for user -local-desktop-persona-ruben-ca-izares
2025-09-28 22:07:24: ERROR: Cannot set Owner-ACL: C:/GitHub Repositories/SuiteMDI-Educativa-SQLServer/scr/Properties: Acceso denegado.  (error 5); Elevating SetFileOwnerACL: server: Wrong password for user -local-desktop-persona-ruben-ca-izares
2025-09-28 22:07:24: Cannot connect to local GoodSync server: server: Wrong password for user -local-desktop-persona-ruben-ca-izares
2025-09-28 22:07:24: ERROR: Cannot set Owner-ACL: C:/GitHub Repositories/SuiteMDI-Educativa-SQLServer/scr/Program.cs: Acceso denegado.  (error 5); Elevating SetFileOwnerACL: server: Wrong password for user -local-desktop-persona-ruben-ca-izares
2025-09-28 22:07:24: Crear Carpeta C:/GitHub Repositories/SuiteMDI-Educativa-SQLServer/scr/Properties
2025-09-28 22:07:24: Copy Confirmed by CheckSum: C:/GitHub Repositories/SuiteMDI-Educativa-SQLServer/scr/Presentacion/frmMDI.resx: 4EB5913A0E5AA842250F7419538FA230
2025-09-28 22:07:24: Copiar Nueva 'C:/Users/Ruben Cañizares/source/repos/bd_A7_RubenCanizares/Presentacion/frmMDI.resx' -> 'C:/GitHub Repositories/SuiteMDI-Educativa-SQLServer/scr/Presentacion/frmMDI.resx' (5,817)
2025-09-28 22:07:24: Copy Confirmed by CheckSum: C:/GitHub Repositories/SuiteMDI-Educativa-SQLServer/scr/Program.cs: 5884D1AE947CEB1A04E3B32BFF2195AA
2025-09-28 22:07:24: Copiar Nueva 'C:/Users/Ruben Cañizares/source/repos/bd_A7_RubenCanizares/Program.cs' -> 'C:/GitHub Repositories/SuiteMDI-Educativa-SQLServer/scr/Program.cs' (470)
2025-09-28 22:07:24: Connecting to Elevated Local GoodSync Server to complete operation
2025-09-28 22:07:24: Connecting to Elevated Local GoodSync Server to complete operation
2025-09-28 22:07:24: Connecting to Elevated Local GoodSync Server to complete operation
2025-09-28 22:07:24: Cannot connect to local GoodSync server: server: Wrong password for user -local-desktop-persona-ruben-ca-izares
2025-09-28 22:07:24: ERROR: Cannot set Owner-ACL: C:/GitHub Repositories/SuiteMDI-Educativa-SQLServer/scr/Soporte: Acceso denegado.  (error 5); Elevating SetFileOwnerACL: server: Wrong password for user -local-desktop-persona-ruben-ca-izares
2025-09-28 22:07:24: Cannot connect to local GoodSync server: server: Wrong password for user -local-desktop-persona-ruben-ca-izares
2025-09-28 22:07:24: ERROR: Cannot set Owner-ACL: C:/GitHub Repositories/SuiteMDI-Educativa-SQLServer/scr/Properties/AssemblyInfo.cs: Acceso denegado.  (error 5); Elevating SetFileOwnerACL: server: Wrong password for user -local-desktop-persona-ruben-ca-izares
2025-09-28 22:07:24: Crear Carpeta C:/GitHub Repositories/SuiteMDI-Educativa-SQLServer/scr/Soporte
2025-09-28 22:07:24: Cannot connect to local GoodSync server: server: Wrong password for user -local-desktop-persona-ruben-ca-izares
2025-09-28 22:07:24: ERROR: Cannot set Owner-ACL: C:/GitHub Repositories/SuiteMDI-Educativa-SQLServer/scr/Properties/Resources.Designer.cs: Acceso denegado.  (error 5); Elevating SetFileOwnerACL: server: Wrong password for user -local-desktop-persona-ruben-ca-izares
2025-09-28 22:07:24: Copy Confirmed by CheckSum: C:/GitHub Repositories/SuiteMDI-Educativa-SQLServer/scr/Properties/AssemblyInfo.cs: 6A3DDB6D3A8A4A90622465B25DA1A17F
2025-09-28 22:07:24: Copiar Nueva 'C:/Users/Ruben Cañizares/source/repos/bd_A7_RubenCanizares/Properties/AssemblyInfo.cs' -> 'C:/GitHub Repositories/SuiteMDI-Educativa-SQLServer/scr/Properties/AssemblyInfo.cs' (1,437)
2025-09-28 22:07:24: Copy Confirmed by CheckSum: C:/GitHub Repositories/SuiteMDI-Educativa-SQLServer/scr/Properties/Resources.Designer.cs: B39C5CD4D00DA69F0CE9A28A5D955932
2025-09-28 22:07:24: Copiar Nueva 'C:/Users/Ruben Cañizares/source/repos/bd_A7_RubenCanizares/Properties/Resources.Designer.cs' -> 'C:/GitHub Repositories/SuiteMDI-Educativa-SQLServer/scr/Properties/Resources.Designer.cs' (3,010)
2025-09-28 22:07:24: Connecting to Elevated Local GoodSync Server to complete operation
2025-09-28 22:07:24: Connecting to Elevated Local GoodSync Server to complete operation
2025-09-28 22:07:24: Connecting to Elevated Local GoodSync Server to complete operation
2025-09-28 22:07:24: Cannot connect to local GoodSync server: server: Wrong password for user -local-desktop-persona-ruben-ca-izares
2025-09-28 22:07:24: ERROR: Cannot set Owner-ACL: C:/GitHub Repositories/SuiteMDI-Educativa-SQLServer/scr/Properties/Resources.resx: Acceso denegado.  (error 5); Elevating SetFileOwnerACL: server: Wrong password for user -local-desktop-persona-ruben-ca-izares
2025-09-28 22:07:24: Cannot connect to local GoodSync server: server: Wrong password for user -local-desktop-persona-ruben-ca-izares
2025-09-28 22:07:24: ERROR: Cannot set Owner-ACL: C:/GitHub Repositories/SuiteMDI-Educativa-SQLServer/scr/Soporte/Globales.cs: Acceso denegado.  (error 5); Elevating SetFileOwnerACL: server: Wrong password for user -local-desktop-persona-ruben-ca-izares
2025-09-28 22:07:24: Cannot connect to local GoodSync server: server: Wrong password for user -local-desktop-persona-ruben-ca-izares
2025-09-28 22:07:24: ERROR: Cannot set Owner-ACL: C:/GitHub Repositories/SuiteMDI-Educativa-SQLServer/scr/Soporte/ThemeHelper.cs: Acceso denegado.  (error 5); Elevating SetFileOwnerACL: server: Wrong password for user -local-desktop-persona-ruben-ca-izares
2025-09-28 22:07:24: Copy Confirmed by CheckSum: C:/GitHub Repositories/SuiteMDI-Educativa-SQLServer/scr/Properties/Resources.resx: 0CD8C971317D19BBED44757809BCB92B
2025-09-28 22:07:24: Copiar Nueva 'C:/Users/Ruben Cañizares/source/repos/bd_A7_RubenCanizares/Properties/Resources.resx' -> 'C:/GitHub Repositories/SuiteMDI-Educativa-SQLServer/scr/Properties/Resources.resx' (5,612)
2025-09-28 22:07:24: Copy Confirmed by CheckSum: C:/GitHub Repositories/SuiteMDI-Educativa-SQLServer/scr/Soporte/Globales.cs: 2427065D45666E0DAF46EDCF37348B80
2025-09-28 22:07:24: Copiar Nueva 'C:/Users/Ruben Cañizares/source/repos/bd_A7_RubenCanizares/Soporte/Globales.cs' -> 'C:/GitHub Repositories/SuiteMDI-Educativa-SQLServer/scr/Soporte/Globales.cs' (541)
2025-09-28 22:07:24: Close Modified Folder (mod-time, acl): /Datos
2025-09-28 22:07:24: Copy Confirmed by CheckSum: C:/GitHub Repositories/SuiteMDI-Educativa-SQLServer/scr/Soporte/ThemeHelper.cs: AEA0B9CB30AC229B84E41A1417942575
2025-09-28 22:07:24: Copiar Nueva 'C:/Users/Ruben Cañizares/source/repos/bd_A7_RubenCanizares/Soporte/ThemeHelper.cs' -> 'C:/GitHub Repositories/SuiteMDI-Educativa-SQLServer/scr/Soporte/ThemeHelper.cs' (890)
2025-09-28 22:07:24: Close Modified Folder (mod-time, acl): /obj/Debug
2025-09-28 22:07:24: Close Modified Folder (mod-time, acl): /bin/Debug
2025-09-28 22:07:24: Close Modified Folder (mod-time, acl): /Presentacion
2025-09-28 22:07:24: Connecting to Elevated Local GoodSync Server to complete operation
2025-09-28 22:07:24: Close Modified Folder (mod-time, acl): /Soporte
2025-09-28 22:07:24: Connecting to Elevated Local GoodSync Server to complete operation
2025-09-28 22:07:24: Close Modified Folder (mod-time, acl): /obj
2025-09-28 22:07:24: Close Modified Folder (mod-time, acl): /bin
2025-09-28 22:07:24: Cannot connect to local GoodSync server: server: Wrong password for user -local-desktop-persona-ruben-ca-izares
2025-09-28 22:07:24: ERROR: Cannot set Owner-ACL: C:/GitHub Repositories/SuiteMDI-Educativa-SQLServer/scr/Properties/Settings.Designer.cs: Acceso denegado.  (error 5); Elevating SetFileOwnerACL: server: Wrong password for user -local-desktop-persona-ruben-ca-izares
2025-09-28 22:07:24: Cannot connect to local GoodSync server: server: Wrong password for user -local-desktop-persona-ruben-ca-izares
2025-09-28 22:07:24: ERROR: Cannot set Owner-ACL: C:/GitHub Repositories/SuiteMDI-Educativa-SQLServer/scr/Properties/Settings.settings: Acceso denegado.  (error 5); Elevating SetFileOwnerACL: server: Wrong password for user -local-desktop-persona-ruben-ca-izares
2025-09-28 22:07:24: Copy Confirmed by CheckSum: C:/GitHub Repositories/SuiteMDI-Educativa-SQLServer/scr/Properties/Settings.settings: 8C0F00D7D9B0046695A0255F1B11B061
2025-09-28 22:07:24: Copiar Nueva 'C:/Users/Ruben Cañizares/source/repos/bd_A7_RubenCanizares/Properties/Settings.settings' -> 'C:/GitHub Repositories/SuiteMDI-Educativa-SQLServer/scr/Properties/Settings.settings' (249)
2025-09-28 22:07:24: Copy Confirmed by CheckSum: C:/GitHub Repositories/SuiteMDI-Educativa-SQLServer/scr/Properties/Settings.Designer.cs: 72EE77B0F52CC5730E120470C827B837
2025-09-28 22:07:24: Copiar Nueva 'C:/Users/Ruben Cañizares/source/repos/bd_A7_RubenCanizares/Properties/Settings.Designer.cs' -> 'C:/GitHub Repositories/SuiteMDI-Educativa-SQLServer/scr/Properties/Settings.Designer.cs' (1,107)
2025-09-28 22:07:24: Close Modified Folder (mod-time, acl): /Properties
2025-09-28 22:07:24: Guardar archivo de estado C:/Users/Ruben Cañizares/source/repos/bd_A7_RubenCanizares/_gsdata_/_file_state_v4._gs
2025-09-28 22:07:24: Guardar archivo de estado C:/GitHub Repositories/SuiteMDI-Educativa-SQLServer/scr/_gsdata_/_file_state_v4._gs
2025-09-28 22:07:24: == Sinc. Completa. Tiempo: 00:00:01, Velocidad: 0.00/s, OK: 43, Errores: 0
